
/home/runner/work/exp-re-bend-test-iitd/exp-re-bend-test-iitd/experiment/posttest.js
   9:18  warning  'letter' is not defined  no-undef
  12:73  warning  'letter' is not defined  no-undef
  13:13  warning  'letter' is not defined  no-undef
  14:37  warning  'letter' is not defined  no-undef

/home/runner/work/exp-re-bend-test-iitd/exp-re-bend-test-iitd/experiment/pretest.js
  18:18  warning  'letter' is not defined  no-undef
  22:73  warning  'letter' is not defined  no-undef
  23:13  warning  'letter' is not defined  no-undef
  24:37  warning  'letter' is not defined  no-undef

/home/runner/work/exp-re-bend-test-iitd/exp-re-bend-test-iitd/experiment/simulation/main.js
    14:10  warning  'navNext1' is defined but never used         no-unused-vars
    20:10  warning  'navNext2' is defined but never used         no-unused-vars
    26:10  warning  'navNext3' is defined but never used         no-unused-vars
    34:10  warning  'navNext4' is defined but never used         no-unused-vars
    44:10  warning  'navNext5' is defined but never used         no-unused-vars
   123:10  warning  'navNext6' is defined but never used         no-unused-vars
   203:10  warning  'navNext7' is defined but never used         no-unused-vars
   213:10  warning  'navNext8' is defined but never used         no-unused-vars
   222:10  warning  'navNext9' is defined but never used         no-unused-vars
   234:10  warning  'zoomband1' is defined but never used        no-unused-vars
   274:10  warning  'selectimage1' is defined but never used     no-unused-vars
   312:10  warning  'zoomband2' is defined but never used        no-unused-vars
   352:10  warning  'selectimage2' is defined but never used     no-unused-vars
   447:10  warning  'navfsdNext9' is defined but never used      no-unused-vars
   468:10  warning  'navNext9a' is defined but never used        no-unused-vars
   479:10  warning  'navNext10' is defined but never used        no-unused-vars
   503:10  warning  'navNext11' is defined but never used        no-unused-vars
   522:10  warning  'navNext12' is defined but never used        no-unused-vars
   540:10  warning  'navNext13' is defined but never used        no-unused-vars
   548:10  warning  'navNext14' is defined but never used        no-unused-vars
   556:5   warning  'tb1' is already defined                     no-redeclare
   557:5   warning  'tb2' is already defined                     no-redeclare
   557:5   warning  'tb2' is assigned a value but never used     no-unused-vars
   559:10  warning  'navNext15' is defined but never used        no-unused-vars
   613:10  warning  'navNext16' is defined but never used        no-unused-vars
   669:10  warning  'reset' is defined but never used            no-unused-vars
   687:5   warning  'mx1' is assigned a value but never used     no-unused-vars
   717:5   warning  'gt77' is assigned a value but never used    no-unused-vars
   718:5   warning  'gt88' is assigned a value but never used    no-unused-vars
   719:5   warning  'gt99' is assigned a value but never used    no-unused-vars
   720:5   warning  'gt1010' is assigned a value but never used  no-unused-vars
   721:5   warning  'gt1111' is assigned a value but never used  no-unused-vars
   723:10  warning  'agesizeIn' is defined but never used        no-unused-vars
   980:10  warning  'agesizeIn2' is defined but never used       no-unused-vars
  1144:10  warning  'movetomachine' is defined but never used    no-unused-vars
  1161:10  warning  'movetomachine2' is defined but never used   no-unused-vars
  1179:10  warning  'movetomachine3' is defined but never used   no-unused-vars
  1196:10  warning  'startpressure1' is defined but never used   no-unused-vars
  1234:10  warning  'move1protector' is defined but never used   no-unused-vars
  1258:10  warning  'move2protector' is defined but never used   no-unused-vars
  1283:10  warning  'useprotector' is defined but never used     no-unused-vars
  1299:10  warning  'useprotector2' is defined but never used    no-unused-vars
  1315:10  warning  'movewbcap' is defined but never used        no-unused-vars
  1355:10  warning  'movebendreber1' is defined but never used   no-unused-vars
  1449:10  warning  'startpressure2' is defined but never used   no-unused-vars
  1487:10  warning  'startpressure3' is defined but never used   no-unused-vars
  1530:10  warning  'calc1' is defined but never used            no-unused-vars
  1548:10  warning  'calc2' is defined but never used            no-unused-vars
  1566:10  warning  'calc3' is defined but never used            no-unused-vars
  1584:10  warning  'ageIn' is defined but never used            no-unused-vars
  1617:10  warning  'frequency' is defined but never used        no-unused-vars
  1620:21  warning  't1' is not defined                          no-undef
  1620:24  warning  't1' is not defined                          no-undef
  1620:27  warning  't1' is not defined                          no-undef
  1623:18  warning  'p1' is not defined                          no-undef
  1623:21  warning  'p1' is not defined                          no-undef
  1627:31  warning  't1' is not defined                          no-undef
  1638:13  warning  'matsqr' is already defined                  no-redeclare
  1639:13  warning  'natsqr' is already defined                  no-redeclare
  1645:13  warning  'matsqr' is already defined                  no-redeclare
  1646:13  warning  'natsqr' is already defined                  no-redeclare
  1652:13  warning  'matsqr' is already defined                  no-redeclare
  1653:13  warning  'natsqr' is already defined                  no-redeclare
  1664:5   warning  'x2' is not defined                          no-undef
  1665:13  warning  'x2' is not defined                          no-undef
  1726:10  warning  'ageIn2' is defined but never used           no-unused-vars
  1731:5   warning  'el2' is not defined                         no-undef
  1735:5   warning  'vn2' is not defined                         no-undef
  1738:5   warning  'el2' is not defined                         no-undef
  1738:32  warning  'vn2' is not defined                         no-undef
  1759:10  warning  'frequency2' is defined but never used       no-unused-vars
  1762:17  warning  'el2' is not defined                         no-undef
  1762:21  warning  't2' is not defined                          no-undef
  1762:24  warning  't2' is not defined                          no-undef
  1762:27  warning  't2' is not defined                          no-undef
  1765:18  warning  'p2' is not defined                          no-undef
  1765:21  warning  'p2' is not defined                          no-undef
  1769:31  warning  't2' is not defined                          no-undef
  1771:9   warning  'vn2' is not defined                         no-undef
  1778:14  warning  'vn2' is not defined                         no-undef
  1780:13  warning  'matsqr' is already defined                  no-redeclare
  1781:13  warning  'natsqr' is already defined                  no-redeclare
  1785:14  warning  'vn2' is not defined                         no-undef
  1787:13  warning  'matsqr' is already defined                  no-redeclare
  1788:13  warning  'natsqr' is already defined                  no-redeclare
  1792:14  warning  'vn2' is not defined                         no-undef
  1794:13  warning  'matsqr' is already defined                  no-redeclare
  1795:13  warning  'natsqr' is already defined                  no-redeclare
  1806:5   warning  'x2' is not defined                          no-undef
  1807:5   warning  'freq2' is not defined                       no-undef
  1807:13  warning  'x2' is not defined                          no-undef
  1808:55  warning  'freq2' is not defined                       no-undef
  1835:10  warning  'agesizeIn3' is defined but never used       no-unused-vars
  1868:10  warning  'ageIn3' is defined but never used           no-unused-vars
  1901:10  warning  'frequency3' is defined but never used       no-unused-vars
  1922:13  warning  'matsqr' is already defined                  no-redeclare
  1923:13  warning  'natsqr' is already defined                  no-redeclare
  1929:13  warning  'matsqr' is already defined                  no-redeclare
  1930:13  warning  'natsqr' is already defined                  no-redeclare
  1936:13  warning  'matsqr' is already defined                  no-redeclare
  1937:13  warning  'natsqr' is already defined                  no-redeclare
  1948:5   warning  'x2' is not defined                          no-undef
  1949:13  warning  'x2' is not defined                          no-undef
  2557:10  warning  'tunnu' is defined but never used            no-unused-vars
  2564:27  warning  'size' is not defined                        no-undef
  2572:32  warning  'size' is not defined                        no-undef
  2595:10  warning  'submit11' is defined but never used         no-unused-vars
  2605:10  warning  'addbar1' is defined but never used          no-unused-vars
  2626:10  warning  'addmeasuretape' is defined but never used   no-unused-vars
  2650:10  warning  'measurelength' is defined but never used    no-unused-vars
  2676:10  warning  'addmarker1' is defined but never used       no-unused-vars
  2688:10  warning  'tickmarker1' is defined but never used      no-unused-vars
  2854:10  warning  'addpiler1' is defined but never used        no-unused-vars
  2893:10  warning  'movereber' is defined but never used        no-unused-vars
  2925:10  warning  'addvarniar1' is defined but never used      no-unused-vars
  2950:10  warning  'usevc1' is defined but never used           no-unused-vars
  2987:10  warning  'usevc2' is defined but never used           no-unused-vars
  3010:10  warning  'addgrip1' is defined but never used         no-unused-vars
  3029:10  warning  'fitgrip' is defined but never used          no-unused-vars
  3046:10  warning  'showgp1' is defined but never used          no-unused-vars
  3076:10  warning  'showgp2' is defined but never used          no-unused-vars
  3099:10  warning  'removeext1' is defined but never used       no-unused-vars
  3136:10  warning  'addreber' is defined but never used         no-unused-vars
  3158:10  warning  'fitmachine' is defined but never used       no-unused-vars
  3184:10  warning  'movepiler1' is defined but never used       no-unused-vars
  3202:10  warning  'movepiler2' is defined but never used       no-unused-vars
  3218:10  warning  'movebeam1' is defined but never used        no-unused-vars
  3235:10  warning  'addpiler2' is defined but never used        no-unused-vars
  3258:10  warning  'addbeam2' is defined but never used         no-unused-vars
  3275:10  warning  'movepiler1s2' is defined but never used     no-unused-vars
  3295:10  warning  'movepiler2s2' is defined but never used     no-unused-vars
  3314:10  warning  'movebeam2' is defined but never used        no-unused-vars
  3332:10  warning  'addpiler3' is defined but never used        no-unused-vars
  3355:10  warning  'addbeam3' is defined but never used         no-unused-vars
  3374:10  warning  'movepiler1s3' is defined but never used     no-unused-vars
  3394:10  warning  'movepiler2s3' is defined but never used     no-unused-vars
  3410:10  warning  'movebeam3' is defined but never used        no-unused-vars
  3428:10  warning  'submit12' is defined but never used         no-unused-vars
  3442:10  warning  'showgif' is defined but never used          no-unused-vars
  3460:10  warning  'submit21' is defined but never used         no-unused-vars
  3478:10  warning  'submit22' is defined but never used         no-unused-vars
  3498:10  warning  'showif2' is defined but never used          no-unused-vars
  3518:10  warning  'submit31' is defined but never used         no-unused-vars
  3536:10  warning  'submit32' is defined but never used         no-unused-vars
  3563:10  warning  'showgif3' is defined but never used         no-unused-vars
  3583:10  warning  'showgraph1' is defined but never used       no-unused-vars
  3588:9   warning  'Chartist' is not defined                    no-undef
  3591:13  warning  'freq2' is not defined                       no-undef
  3716:10  warning  'showgraph2' is defined but never used       no-unused-vars
  3720:9   warning  'Chartist' is not defined                    no-undef
  3721:17  warning  'el2' is not defined                         no-undef
  3723:13  warning  'freq2' is not defined                       no-undef

✖ 160 problems (0 errors, 160 warnings)

